Using pre-set license
Built from '2020.2/release' branch; Version is '2020.2.1f1 (270dd8c3da1c) revision 2559448'; Using compiler version '192528614'; Build Type 'Release'
OS: 'Windows 10  (10.0.0) 64bit' Language: 'en' Physical Memory: 32688 MB
BatchMode: 1, IsHumanControllingUs: 0, StartBugReporterOnCrash: 0, Is64bit: 1, IsPro: 0

 COMMAND LINE ARGUMENTS:
C:\Program Files\Unity\Hub\Editor\2020.2.1f1\Editor\Unity.exe
-adb2
-batchMode
-noUpm
-name
AssetImportWorker0
-projectPath
C:/Users/Chris/Documents/Projects/MagicRoguelike
-logFile
Logs/AssetImportWorker0.log
-srvPort
62055
Successfully changed project path to: C:/Users/Chris/Documents/Projects/MagicRoguelike
C:/Users/Chris/Documents/Projects/MagicRoguelike
Using Asset Import Pipeline V2.
Refreshing native plugins compatible for Editor in 18.63 ms, found 0 plugins.
Preloading 0 native plugins for Editor in 0.00 ms.
Initialize engine version: 2020.2.1f1 (270dd8c3da1c)
[Subsystems] Discovering subsystems at path C:/Program Files/Unity/Hub/Editor/2020.2.1f1/Editor/Data/Resources/UnitySubsystems
[Subsystems] Discovering subsystems at path C:/Users/Chris/Documents/Projects/MagicRoguelike/Assets
GfxDevice: creating device client; threaded=0
Direct3D:
    Version:  Direct3D 11.0 [level 11.1]
    Renderer: NVIDIA GeForce GTX 970 (ID=0x13c2)
    Vendor:   
    VRAM:     4043 MB
    Driver:   27.21.14.5671
Initialize mono
Mono path[0] = 'C:/Program Files/Unity/Hub/Editor/2020.2.1f1/Editor/Data/Managed'
Mono path[1] = 'C:/Program Files/Unity/Hub/Editor/2020.2.1f1/Editor/Data/MonoBleedingEdge/lib/mono/unityjit'
Mono config path = 'C:/Program Files/Unity/Hub/Editor/2020.2.1f1/Editor/Data/MonoBleedingEdge/etc'
Using monoOptions --debugger-agent=transport=dt_socket,embedding=1,server=y,suspend=n,address=127.0.0.1:56580
Begin MonoManager ReloadAssembly
Registering precompiled unity dll's ...
Register platform support module: C:/Program Files/Unity/Hub/Editor/2020.2.1f1/Editor/Data/PlaybackEngines/WebGLSupport/UnityEditor.WebGL.Extensions.dll
Register platform support module: C:/Program Files/Unity/Hub/Editor/2020.2.1f1/Editor/Data/PlaybackEngines/WindowsStandaloneSupport/UnityEditor.WindowsStandalone.Extensions.dll
Registered in 0.002260 seconds.
Native extension for WindowsStandalone target not found
Native extension for WebGL target not found
Refreshing native plugins compatible for Editor in 18.66 ms, found 0 plugins.
Preloading 0 native plugins for Editor in 0.00 ms.
Invoked RoslynAnalysisRunner static constructor.
RoslynAnalysisRunner will not be running.
RoslynAnalysisRunner has terminated.
Mono: successfully reloaded assembly
- Completed reload, in  1.111 seconds
Platform modules already initialized, skipping
Registering precompiled user dll's ...
Registered in 0.000652 seconds.
Begin MonoManager ReloadAssembly
Native extension for WindowsStandalone target not found
Native extension for WebGL target not found
Refreshing native plugins compatible for Editor in 0.20 ms, found 0 plugins.
Preloading 0 native plugins for Editor in 0.00 ms.
Invoked RoslynAnalysisRunner static constructor.
RoslynAnalysisRunner will not be running.
RoslynAnalysisRunner has terminated.
Mono: successfully reloaded assembly
- Completed reload, in  0.672 seconds
Platform modules already initialized, skipping
========================================================================
Worker process is ready to serve import requests
Launched and connected shader compiler UnityShaderCompiler.exe after 0.03 seconds
Refreshing native plugins compatible for Editor in 0.29 ms, found 0 plugins.
Preloading 0 native plugins for Editor in 0.00 ms.
Unloading 1096 Unused Serialized files (Serialized files now loaded: 0)
System memory in use before: 56.4 MB.
System memory in use after: 56.5 MB.

Unloading 9 unused Assets to reduce memory usage. Loaded Objects now: 1538.
Total: 1.418900 ms (FindLiveObjects: 0.116400 ms CreateObjectMapping: 0.033400 ms MarkObjects: 1.228800 ms  DeleteObjects: 0.039200 ms)

========================================================================
Received Import Request.
  path: Assets/Scripts
  artifactKey: Guid(fbccf640f0c5f6a4b83c9a1269d4bfce) Importer(815301076,1909f56bfc062723c751e8b465ee728b)
Start importing Assets/Scripts using Guid(fbccf640f0c5f6a4b83c9a1269d4bfce) Importer(815301076,1909f56bfc062723c751e8b465ee728b)  -> (artifact id: 'b0690d2171deac8ae51c8df2efbd0259') in 0.007491 seconds
  Import took 0.008966 seconds .

========================================================================
Received Import Request.
  Time since last request: 0.000337 seconds.
  path: Assets/Scripts/Enemy.cs
  artifactKey: Guid(f2b855dec5c558746b8294aee7d00862) Importer(815301076,1909f56bfc062723c751e8b465ee728b)
Start importing Assets/Scripts/Enemy.cs using Guid(f2b855dec5c558746b8294aee7d00862) Importer(815301076,1909f56bfc062723c751e8b465ee728b)  -> (artifact id: 'e03ffeddb0383313eccd124808970e7f') in 0.032664 seconds
  Import took 0.034128 seconds .

========================================================================
Received Import Request.
  Time since last request: 6.300884 seconds.
  path: Assets/Scripts/MovementController.cs
  artifactKey: Guid(0f12107db10e9eb46bb2e6befb1cbaa0) Importer(815301076,1909f56bfc062723c751e8b465ee728b)
Start importing Assets/Scripts/MovementController.cs using Guid(0f12107db10e9eb46bb2e6befb1cbaa0) Importer(815301076,1909f56bfc062723c751e8b465ee728b)  -> (artifact id: '99cbbb8371c0853063699fc8efea2ef1') in 0.005802 seconds
  Import took 0.007347 seconds .

========================================================================
Received Prepare
Registering precompiled user dll's ...
Registered in 0.000522 seconds.
Begin MonoManager ReloadAssembly
Native extension for WindowsStandalone target not found
Native extension for WebGL target not found
Refreshing native plugins compatible for Editor in 0.19 ms, found 0 plugins.
Preloading 0 native plugins for Editor in 0.00 ms.
Invoked RoslynAnalysisRunner static constructor.
RoslynAnalysisRunner will not be running.
RoslynAnalysisRunner has terminated.
Mono: successfully reloaded assembly
- Completed reload, in  0.623 seconds
Platform modules already initialized, skipping
Refreshing native plugins compatible for Editor in 0.18 ms, found 0 plugins.
Preloading 0 native plugins for Editor in 0.00 ms.
Unloading 1092 Unused Serialized files (Serialized files now loaded: 0)
System memory in use before: 56.6 MB.
System memory in use after: 56.6 MB.

Unloading 4 unused Assets to reduce memory usage. Loaded Objects now: 1541.
Total: 1.432800 ms (FindLiveObjects: 0.109300 ms CreateObjectMapping: 0.030200 ms MarkObjects: 1.281400 ms  DeleteObjects: 0.011200 ms)

========================================================================
Received Import Request.
  Time since last request: 61.803484 seconds.
  path: Assets/NavMeshComponents/Editor
  artifactKey: Guid(63b588f3892bb4b5eb73ad3d2791e05c) Importer(815301076,1909f56bfc062723c751e8b465ee728b)
Start importing Assets/NavMeshComponents/Editor using Guid(63b588f3892bb4b5eb73ad3d2791e05c) Importer(815301076,1909f56bfc062723c751e8b465ee728b)  -> (artifact id: '4059122d7ef99e813f1930dc3e78f637') in 0.007829 seconds
  Import took 0.009483 seconds .

========================================================================
Received Prepare
Registering precompiled user dll's ...
Registered in 0.000606 seconds.
Begin MonoManager ReloadAssembly
Native extension for WindowsStandalone target not found
Native extension for WebGL target not found
Refreshing native plugins compatible for Editor in 0.18 ms, found 0 plugins.
Preloading 0 native plugins for Editor in 0.00 ms.
Invoked RoslynAnalysisRunner static constructor.
RoslynAnalysisRunner will not be running.
RoslynAnalysisRunner has terminated.
Mono: successfully reloaded assembly
- Completed reload, in  0.661 seconds
Platform modules already initialized, skipping
Refreshing native plugins compatible for Editor in 0.18 ms, found 0 plugins.
Preloading 0 native plugins for Editor in 0.00 ms.
Unloading 1092 Unused Serialized files (Serialized files now loaded: 0)
System memory in use before: 56.7 MB.
System memory in use after: 56.8 MB.

Unloading 4 unused Assets to reduce memory usage. Loaded Objects now: 1543.
Total: 1.543400 ms (FindLiveObjects: 0.110600 ms CreateObjectMapping: 0.029700 ms MarkObjects: 1.390400 ms  DeleteObjects: 0.011600 ms)

========================================================================
Received Import Request.
  Time since last request: 205.128735 seconds.
  path: Assets/Scripts/Player.cs
  artifactKey: Guid(f42a99c651caf1241bf68f05ee01d2f6) Importer(815301076,1909f56bfc062723c751e8b465ee728b)
Start importing Assets/Scripts/Player.cs using Guid(f42a99c651caf1241bf68f05ee01d2f6) Importer(815301076,1909f56bfc062723c751e8b465ee728b)  -> (artifact id: '4201b98f666ab03adca3ebede6842fa0') in 0.007882 seconds
  Import took 0.009475 seconds .

========================================================================
Received Import Request.
  Time since last request: 0.023400 seconds.
  path: Assets/Scripts/Player.cs
  artifactKey: Guid(f42a99c651caf1241bf68f05ee01d2f6) Importer(815301076,1909f56bfc062723c751e8b465ee728b)
Start importing Assets/Scripts/Player.cs using Guid(f42a99c651caf1241bf68f05ee01d2f6) Importer(815301076,1909f56bfc062723c751e8b465ee728b)  -> (artifact id: '4201b98f666ab03adca3ebede6842fa0') in 0.002776 seconds
  Import took 0.004338 seconds .

========================================================================
Received Prepare
Registering precompiled user dll's ...
Registered in 0.000579 seconds.
Begin MonoManager ReloadAssembly
Native extension for WindowsStandalone target not found
Native extension for WebGL target not found
Refreshing native plugins compatible for Editor in 0.18 ms, found 0 plugins.
Preloading 0 native plugins for Editor in 0.00 ms.
Invoked RoslynAnalysisRunner static constructor.
RoslynAnalysisRunner will not be running.
RoslynAnalysisRunner has terminated.
Mono: successfully reloaded assembly
- Completed reload, in  0.627 seconds
Platform modules already initialized, skipping
Refreshing native plugins compatible for Editor in 0.19 ms, found 0 plugins.
Preloading 0 native plugins for Editor in 0.00 ms.
Unloading 1092 Unused Serialized files (Serialized files now loaded: 0)
System memory in use before: 56.9 MB.
System memory in use after: 57.0 MB.

Unloading 4 unused Assets to reduce memory usage. Loaded Objects now: 1545.
Total: 1.544000 ms (FindLiveObjects: 0.152300 ms CreateObjectMapping: 0.034100 ms MarkObjects: 1.343300 ms  DeleteObjects: 0.013200 ms)

========================================================================
Received Import Request.
  Time since last request: 742.838884 seconds.
  path: Assets/Prefabs
  artifactKey: Guid(163bfc42cbc5ed64c8b0e9a3f4dfe0e1) Importer(815301076,1909f56bfc062723c751e8b465ee728b)
Start importing Assets/Prefabs using Guid(163bfc42cbc5ed64c8b0e9a3f4dfe0e1) Importer(815301076,1909f56bfc062723c751e8b465ee728b)  -> (artifact id: 'a33c77be805a98d36aa768e129701d0d') in 0.008431 seconds
  Import took 0.010592 seconds .

========================================================================
Received Import Request.
  Time since last request: 12.774256 seconds.
  path: Assets/Prefabs/Ability Prefabs
  artifactKey: Guid(8572128b5c949e94eb39c9c312a095f9) Importer(815301076,1909f56bfc062723c751e8b465ee728b)
Start importing Assets/Prefabs/Ability Prefabs using Guid(8572128b5c949e94eb39c9c312a095f9) Importer(815301076,1909f56bfc062723c751e8b465ee728b)  -> (artifact id: '929ca62f926645d2a69c209059f24d8f') in 0.008039 seconds
  Import took 0.010059 seconds .

========================================================================
Received Import Request.
  Time since last request: 12.156545 seconds.
  path: Assets/Prefabs/Enemy Prefabs
  artifactKey: Guid(2f87010bac6054e47920ce1ee8406570) Importer(815301076,1909f56bfc062723c751e8b465ee728b)
Start importing Assets/Prefabs/Enemy Prefabs using Guid(2f87010bac6054e47920ce1ee8406570) Importer(815301076,1909f56bfc062723c751e8b465ee728b)  -> (artifact id: 'ff720d5e835e2a88c8ed9fc1f1ace393') in 0.006869 seconds
  Import took 0.008782 seconds .

========================================================================
Received Import Request.
  Time since last request: 1443.658443 seconds.
  path: Assets/Scripts/Enemy.cs
  artifactKey: Guid(f2b855dec5c558746b8294aee7d00862) Importer(815301076,1909f56bfc062723c751e8b465ee728b)
Start importing Assets/Scripts/Enemy.cs using Guid(f2b855dec5c558746b8294aee7d00862) Importer(815301076,1909f56bfc062723c751e8b465ee728b)  -> (artifact id: 'cf3c39b163e10136f40ef0b98af69b05') in 0.002789 seconds
  Import took 0.005234 seconds .

========================================================================
Received Import Request.
  Time since last request: 6.885537 seconds.
  path: Assets/Scripts/EnemyOld.cs
  artifactKey: Guid(f2b855dec5c558746b8294aee7d00862) Importer(815301076,1909f56bfc062723c751e8b465ee728b)
Start importing Assets/Scripts/EnemyOld.cs using Guid(f2b855dec5c558746b8294aee7d00862) Importer(815301076,1909f56bfc062723c751e8b465ee728b)  -> (artifact id: '7247ae3fdb73e89d500fadd4c6b31134') in 0.006226 seconds
  Import took 0.009683 seconds .

========================================================================
Received Import Request.
  Time since last request: 3.869560 seconds.
  path: Assets/Scripts/Teleport.cs
  artifactKey: Guid(b6065d971ff002f41a85e97d57ddea7e) Importer(815301076,1909f56bfc062723c751e8b465ee728b)
Start importing Assets/Scripts/Teleport.cs using Guid(b6065d971ff002f41a85e97d57ddea7e) Importer(815301076,1909f56bfc062723c751e8b465ee728b)  -> (artifact id: 'b346cb153ba3dd528f95d813ff16e51c') in 0.006226 seconds
  Import took 0.007780 seconds .

========================================================================
Received Import Request.
  Time since last request: 0.001254 seconds.
  path: Assets/Scripts/Teleport.cs
  artifactKey: Guid(b6065d971ff002f41a85e97d57ddea7e) Importer(815301076,1909f56bfc062723c751e8b465ee728b)
Start importing Assets/Scripts/Teleport.cs using Guid(b6065d971ff002f41a85e97d57ddea7e) Importer(815301076,1909f56bfc062723c751e8b465ee728b)  -> (artifact id: 'b346cb153ba3dd528f95d813ff16e51c') in 0.002617 seconds
  Import took 0.004155 seconds .

========================================================================
Received Import Request.
  Time since last request: 12.839956 seconds.
  path: Assets/Scripts/Enemy.cs
  artifactKey: Guid(fa1ba4d0d09e2874aa47d5cb110ae56d) Importer(815301076,1909f56bfc062723c751e8b465ee728b)
Start importing Assets/Scripts/Enemy.cs using Guid(fa1ba4d0d09e2874aa47d5cb110ae56d) Importer(815301076,1909f56bfc062723c751e8b465ee728b)  -> (artifact id: '387fb3a99c75821e0bf1272c6c957b1d') in 0.003049 seconds
  Import took 0.005209 seconds .

========================================================================
Received Prepare
Registering precompiled user dll's ...
Registered in 0.000560 seconds.
Begin MonoManager ReloadAssembly
Native extension for WindowsStandalone target not found
Native extension for WebGL target not found
Refreshing native plugins compatible for Editor in 0.18 ms, found 0 plugins.
Preloading 0 native plugins for Editor in 0.00 ms.
Invoked RoslynAnalysisRunner static constructor.
RoslynAnalysisRunner will not be running.
RoslynAnalysisRunner has terminated.
Mono: successfully reloaded assembly
- Completed reload, in  0.632 seconds
Platform modules already initialized, skipping
Refreshing native plugins compatible for Editor in 0.20 ms, found 0 plugins.
Preloading 0 native plugins for Editor in 0.00 ms.
Unloading 1093 Unused Serialized files (Serialized files now loaded: 0)
System memory in use before: 57.0 MB.
System memory in use after: 57.1 MB.

Unloading 4 unused Assets to reduce memory usage. Loaded Objects now: 1548.
Total: 1.625600 ms (FindLiveObjects: 0.140200 ms CreateObjectMapping: 0.041700 ms MarkObjects: 1.428900 ms  DeleteObjects: 0.013800 ms)

========================================================================
Received Import Request.
  Time since last request: 435.523397 seconds.
  path: Assets/Scripts/EnemyAttack.cs
  artifactKey: Guid(2effe04b2404a2c4799421459311e750) Importer(815301076,1909f56bfc062723c751e8b465ee728b)
Start importing Assets/Scripts/EnemyAttack.cs using Guid(2effe04b2404a2c4799421459311e750) Importer(815301076,1909f56bfc062723c751e8b465ee728b)  -> (artifact id: 'c265ddef4843701526c70243875fb4ad') in 0.009156 seconds
  Import took 0.011659 seconds .

========================================================================
Received Import Request.
  Time since last request: 0.000876 seconds.
  path: Assets/Scripts/EnemyAttack.cs
  artifactKey: Guid(2effe04b2404a2c4799421459311e750) Importer(815301076,1909f56bfc062723c751e8b465ee728b)
Start importing Assets/Scripts/EnemyAttack.cs using Guid(2effe04b2404a2c4799421459311e750) Importer(815301076,1909f56bfc062723c751e8b465ee728b)  -> (artifact id: 'c265ddef4843701526c70243875fb4ad') in 0.002717 seconds
  Import took 0.004101 seconds .

========================================================================
Received Prepare
Registering precompiled user dll's ...
Registered in 0.000678 seconds.
Begin MonoManager ReloadAssembly
Native extension for WindowsStandalone target not found
Native extension for WebGL target not found
Refreshing native plugins compatible for Editor in 0.19 ms, found 0 plugins.
Preloading 0 native plugins for Editor in 0.00 ms.
Invoked RoslynAnalysisRunner static constructor.
RoslynAnalysisRunner will not be running.
RoslynAnalysisRunner has terminated.
Mono: successfully reloaded assembly
- Completed reload, in  0.741 seconds
Platform modules already initialized, skipping
Refreshing native plugins compatible for Editor in 0.17 ms, found 0 plugins.
Preloading 0 native plugins for Editor in 0.00 ms.
Unloading 1094 Unused Serialized files (Serialized files now loaded: 0)
System memory in use before: 57.2 MB.
System memory in use after: 57.3 MB.

Unloading 4 unused Assets to reduce memory usage. Loaded Objects now: 1551.
Total: 1.440700 ms (FindLiveObjects: 0.124400 ms CreateObjectMapping: 0.029900 ms MarkObjects: 1.262400 ms  DeleteObjects: 0.022900 ms)

========================================================================
Received Prepare
Registering precompiled user dll's ...
Registered in 0.000683 seconds.
Begin MonoManager ReloadAssembly
Native extension for WindowsStandalone target not found
Native extension for WebGL target not found
Refreshing native plugins compatible for Editor in 0.19 ms, found 0 plugins.
Preloading 0 native plugins for Editor in 0.00 ms.
Invoked RoslynAnalysisRunner static constructor.
RoslynAnalysisRunner will not be running.
RoslynAnalysisRunner has terminated.
Mono: successfully reloaded assembly
- Completed reload, in  0.627 seconds
Platform modules already initialized, skipping
Refreshing native plugins compatible for Editor in 0.17 ms, found 0 plugins.
Preloading 0 native plugins for Editor in 0.00 ms.
Unloading 1094 Unused Serialized files (Serialized files now loaded: 0)
System memory in use before: 57.3 MB.
System memory in use after: 57.4 MB.

Unloading 4 unused Assets to reduce memory usage. Loaded Objects now: 1553.
Total: 1.671400 ms (FindLiveObjects: 0.128000 ms CreateObjectMapping: 0.037300 ms MarkObjects: 1.492900 ms  DeleteObjects: 0.012700 ms)

========================================================================
Received Prepare
Registering precompiled user dll's ...
Registered in 0.000816 seconds.
Begin MonoManager ReloadAssembly
Native extension for WindowsStandalone target not found
Native extension for WebGL target not found
Refreshing native plugins compatible for Editor in 0.18 ms, found 0 plugins.
Preloading 0 native plugins for Editor in 0.00 ms.
Invoked RoslynAnalysisRunner static constructor.
RoslynAnalysisRunner will not be running.
RoslynAnalysisRunner has terminated.
Mono: successfully reloaded assembly
- Completed reload, in  0.659 seconds
Platform modules already initialized, skipping
Refreshing native plugins compatible for Editor in 0.18 ms, found 0 plugins.
Preloading 0 native plugins for Editor in 0.00 ms.
Unloading 1094 Unused Serialized files (Serialized files now loaded: 0)
System memory in use before: 57.4 MB.
System memory in use after: 57.5 MB.

Unloading 4 unused Assets to reduce memory usage. Loaded Objects now: 1555.
Total: 1.397700 ms (FindLiveObjects: 0.116400 ms CreateObjectMapping: 0.035300 ms MarkObjects: 1.231400 ms  DeleteObjects: 0.013800 ms)

========================================================================
Received Import Request.
  Time since last request: 2364.030862 seconds.
  path: Assets/Scripts/EnemyAttack.cs
  artifactKey: Guid(2effe04b2404a2c4799421459311e750) Importer(815301076,1909f56bfc062723c751e8b465ee728b)
Start importing Assets/Scripts/EnemyAttack.cs using Guid(2effe04b2404a2c4799421459311e750) Importer(815301076,1909f56bfc062723c751e8b465ee728b)  -> (artifact id: '08f5594cf7bf478679a3263b8b1b81f1') in 0.003974 seconds
  Import took 0.005489 seconds .

========================================================================
Received Import Request.
  Time since last request: 2.316577 seconds.
  path: Assets/Scriptable Objects
  artifactKey: Guid(a46a1b7aab88c5a4cb93a31814473326) Importer(815301076,1909f56bfc062723c751e8b465ee728b)
Start importing Assets/Scriptable Objects using Guid(a46a1b7aab88c5a4cb93a31814473326) Importer(815301076,1909f56bfc062723c751e8b465ee728b)  -> (artifact id: '09d016c74c20d63aa38a51ff1dfccf72') in 0.007321 seconds
  Import took 0.009243 seconds .

========================================================================
Received Import Request.
  Time since last request: 105.015077 seconds.
  path: Assets/Scripts/Ability.cs
  artifactKey: Guid(78ca3ad24dd9d3c41adf4b6fc91633ee) Importer(815301076,1909f56bfc062723c751e8b465ee728b)
Start importing Assets/Scripts/Ability.cs using Guid(78ca3ad24dd9d3c41adf4b6fc91633ee) Importer(815301076,1909f56bfc062723c751e8b465ee728b)  -> (artifact id: '9b3c66cbb89e833d69e905ddb0bb6eb2') in 0.005744 seconds
  Import took 0.007769 seconds .

========================================================================
Received Import Request.
  Time since last request: 0.001783 seconds.
  path: Assets/Scripts/Ability.cs
  artifactKey: Guid(78ca3ad24dd9d3c41adf4b6fc91633ee) Importer(815301076,1909f56bfc062723c751e8b465ee728b)
Start importing Assets/Scripts/Ability.cs using Guid(78ca3ad24dd9d3c41adf4b6fc91633ee) Importer(815301076,1909f56bfc062723c751e8b465ee728b)  -> (artifact id: '9b3c66cbb89e833d69e905ddb0bb6eb2') in 0.002469 seconds
  Import took 0.003969 seconds .

========================================================================
Received Import Request.
  Time since last request: 6.928644 seconds.
  path: Assets/Scripts/Enemy.cs
  artifactKey: Guid(fa1ba4d0d09e2874aa47d5cb110ae56d) Importer(815301076,1909f56bfc062723c751e8b465ee728b)
Start importing Assets/Scripts/Enemy.cs using Guid(fa1ba4d0d09e2874aa47d5cb110ae56d) Importer(815301076,1909f56bfc062723c751e8b465ee728b)  -> (artifact id: '0012258a969113eec8a82242f0a9fc41') in 0.002419 seconds
  Import took 0.003934 seconds .

========================================================================
Received Import Request.
  Time since last request: 0.021177 seconds.
  path: Assets/Scripts/Enemy.cs
  artifactKey: Guid(fa1ba4d0d09e2874aa47d5cb110ae56d) Importer(815301076,1909f56bfc062723c751e8b465ee728b)
Start importing Assets/Scripts/Enemy.cs using Guid(fa1ba4d0d09e2874aa47d5cb110ae56d) Importer(815301076,1909f56bfc062723c751e8b465ee728b)  -> (artifact id: '0012258a969113eec8a82242f0a9fc41') in 0.002553 seconds
  Import took 0.004063 seconds .

========================================================================
Received Import Request.
  Time since last request: 1.936632 seconds.
  path: Assets/Scripts/CameraController.cs
  artifactKey: Guid(15e894592556d3c40bb70042cc063d94) Importer(815301076,1909f56bfc062723c751e8b465ee728b)
Start importing Assets/Scripts/CameraController.cs using Guid(15e894592556d3c40bb70042cc063d94) Importer(815301076,1909f56bfc062723c751e8b465ee728b)  -> (artifact id: '36dd3b732c5bd848cb533c1070eb1af3') in 0.006008 seconds
  Import took 0.007896 seconds .

========================================================================
Received Import Request.
  Time since last request: 1.259008 seconds.
  path: Assets/Scripts/AttackSpawn.cs
  artifactKey: Guid(72e5ed7605a8b4c4582bb7d575e2aeb8) Importer(815301076,1909f56bfc062723c751e8b465ee728b)
Start importing Assets/Scripts/AttackSpawn.cs using Guid(72e5ed7605a8b4c4582bb7d575e2aeb8) Importer(815301076,1909f56bfc062723c751e8b465ee728b)  -> (artifact id: 'cecb060ff0b159506f1d930bf3e6a6b3') in 0.005713 seconds
  Import took 0.007672 seconds .

========================================================================
Received Import Request.
  Time since last request: 0.001325 seconds.
  path: Assets/Scripts/AttackSpawn.cs
  artifactKey: Guid(72e5ed7605a8b4c4582bb7d575e2aeb8) Importer(815301076,1909f56bfc062723c751e8b465ee728b)
Start importing Assets/Scripts/AttackSpawn.cs using Guid(72e5ed7605a8b4c4582bb7d575e2aeb8) Importer(815301076,1909f56bfc062723c751e8b465ee728b)  -> (artifact id: 'cecb060ff0b159506f1d930bf3e6a6b3') in 0.002765 seconds
  Import took 0.004226 seconds .

========================================================================
Received Import Request.
  Time since last request: 3.409982 seconds.
  path: Assets/Scripts/EnemyBrain.cs
  artifactKey: Guid(7630cf0ed4980c94985f3585c5df8495) Importer(815301076,1909f56bfc062723c751e8b465ee728b)
Start importing Assets/Scripts/EnemyBrain.cs using Guid(7630cf0ed4980c94985f3585c5df8495) Importer(815301076,1909f56bfc062723c751e8b465ee728b)  -> (artifact id: '766212f460f2114f34b4b408433ddcb3') in 0.007528 seconds
  Import took 0.009439 seconds .

========================================================================
Received Import Request.
  Time since last request: 0.000262 seconds.
  path: Assets/Scripts/EnemyBrain.cs
  artifactKey: Guid(7630cf0ed4980c94985f3585c5df8495) Importer(815301076,1909f56bfc062723c751e8b465ee728b)
Start importing Assets/Scripts/EnemyBrain.cs using Guid(7630cf0ed4980c94985f3585c5df8495) Importer(815301076,1909f56bfc062723c751e8b465ee728b)  -> (artifact id: '766212f460f2114f34b4b408433ddcb3') in 0.002390 seconds
  Import took 0.003769 seconds .

========================================================================
Received Import Request.
  Time since last request: 3.636196 seconds.
  path: Assets/Scripts/GameController.cs
  artifactKey: Guid(fea667eb99a3c05438cca5a4431943b9) Importer(815301076,1909f56bfc062723c751e8b465ee728b)
Start importing Assets/Scripts/GameController.cs using Guid(fea667eb99a3c05438cca5a4431943b9) Importer(815301076,1909f56bfc062723c751e8b465ee728b)  -> (artifact id: 'c6105d9bf2aa99a3caa081d2952ce5ee') in 0.006864 seconds
  Import took 0.008436 seconds .

========================================================================
Received Import Request.
  Time since last request: 0.001139 seconds.
  path: Assets/Scripts/GameController.cs
  artifactKey: Guid(fea667eb99a3c05438cca5a4431943b9) Importer(815301076,1909f56bfc062723c751e8b465ee728b)
Start importing Assets/Scripts/GameController.cs using Guid(fea667eb99a3c05438cca5a4431943b9) Importer(815301076,1909f56bfc062723c751e8b465ee728b)  -> (artifact id: 'c6105d9bf2aa99a3caa081d2952ce5ee') in 0.002425 seconds
  Import took 0.003929 seconds .

========================================================================
Received Import Request.
  Time since last request: 675.592746 seconds.
  path: Assets/Scripts/EnemyStats.cs
  artifactKey: Guid(889f0905e87147745b33d115463f8421) Importer(815301076,1909f56bfc062723c751e8b465ee728b)
Start importing Assets/Scripts/EnemyStats.cs using Guid(889f0905e87147745b33d115463f8421) Importer(815301076,1909f56bfc062723c751e8b465ee728b)  -> (artifact id: 'd1d076a30e736abdc73dc2bbb1aed29f') in 0.006010 seconds
  Import took 0.008206 seconds .

========================================================================
Received Prepare
Registering precompiled user dll's ...
Registered in 0.000918 seconds.
Begin MonoManager ReloadAssembly
Native extension for WindowsStandalone target not found
Native extension for WebGL target not found
Refreshing native plugins compatible for Editor in 0.18 ms, found 0 plugins.
Preloading 0 native plugins for Editor in 0.00 ms.
Invoked RoslynAnalysisRunner static constructor.
RoslynAnalysisRunner will not be running.
RoslynAnalysisRunner has terminated.
Mono: successfully reloaded assembly
- Completed reload, in  0.644 seconds
Platform modules already initialized, skipping
Refreshing native plugins compatible for Editor in 0.18 ms, found 0 plugins.
Preloading 0 native plugins for Editor in 0.00 ms.
Unloading 1095 Unused Serialized files (Serialized files now loaded: 0)
System memory in use before: 57.6 MB.
System memory in use after: 57.7 MB.

Unloading 4 unused Assets to reduce memory usage. Loaded Objects now: 1558.
Total: 1.820400 ms (FindLiveObjects: 0.223000 ms CreateObjectMapping: 0.075600 ms MarkObjects: 1.505900 ms  DeleteObjects: 0.014800 ms)

========================================================================
Received Prepare
Registering precompiled user dll's ...
Registered in 0.000544 seconds.
Begin MonoManager ReloadAssembly
Native extension for WindowsStandalone target not found
Native extension for WebGL target not found
Refreshing native plugins compatible for Editor in 0.18 ms, found 0 plugins.
Preloading 0 native plugins for Editor in 0.00 ms.
Invoked RoslynAnalysisRunner static constructor.
RoslynAnalysisRunner will not be running.
RoslynAnalysisRunner has terminated.
Mono: successfully reloaded assembly
- Completed reload, in  0.632 seconds
Platform modules already initialized, skipping
Refreshing native plugins compatible for Editor in 0.18 ms, found 0 plugins.
Preloading 0 native plugins for Editor in 0.00 ms.
Unloading 1095 Unused Serialized files (Serialized files now loaded: 0)
System memory in use before: 57.7 MB.
System memory in use after: 57.8 MB.

Unloading 4 unused Assets to reduce memory usage. Loaded Objects now: 1560.
Total: 1.568200 ms (FindLiveObjects: 0.133300 ms CreateObjectMapping: 0.035600 ms MarkObjects: 1.385600 ms  DeleteObjects: 0.012900 ms)

========================================================================
Received Import Request.
  Time since last request: 330.539900 seconds.
  path: Assets/Scripts/EnemyStats.cs
  artifactKey: Guid(889f0905e87147745b33d115463f8421) Importer(815301076,1909f56bfc062723c751e8b465ee728b)
Start importing Assets/Scripts/EnemyStats.cs using Guid(889f0905e87147745b33d115463f8421) Importer(815301076,1909f56bfc062723c751e8b465ee728b)  -> (artifact id: 'cf882d319f1da466e6df86512ed7e129') in 0.003997 seconds
  Import took 0.005556 seconds .

========================================================================
Received Import Request.
  Time since last request: 78.348678 seconds.
  path: Assets/Scriptable Objects/Abilities/MagicMissile.asset
  artifactKey: Guid(0b4cab5c07b8fdb469ebd76f37d7e776) Importer(815301076,1909f56bfc062723c751e8b465ee728b)
Start importing Assets/Scriptable Objects/Abilities/MagicMissile.asset using Guid(0b4cab5c07b8fdb469ebd76f37d7e776) Importer(815301076,1909f56bfc062723c751e8b465ee728b)  -> (artifact id: '6321301344f84a4fc4c0f15edf3309e6') in 0.018714 seconds
  Import took 0.020707 seconds .

========================================================================
Received Import Request.
  Time since last request: 22.642372 seconds.
  path: Assets/Scripts/Wand.cs
  artifactKey: Guid(4f593e8af58b04f4b8fa58b60d1e8a18) Importer(815301076,1909f56bfc062723c751e8b465ee728b)
Start importing Assets/Scripts/Wand.cs using Guid(4f593e8af58b04f4b8fa58b60d1e8a18) Importer(815301076,1909f56bfc062723c751e8b465ee728b)  -> (artifact id: 'd15e9f950e2c9988294fe04622eaadf3') in 0.005704 seconds
  Import took 0.007236 seconds .

========================================================================
Received Import Request.
  Time since last request: 0.019984 seconds.
  path: Assets/Scripts/Wand.cs
  artifactKey: Guid(4f593e8af58b04f4b8fa58b60d1e8a18) Importer(815301076,1909f56bfc062723c751e8b465ee728b)
Start importing Assets/Scripts/Wand.cs using Guid(4f593e8af58b04f4b8fa58b60d1e8a18) Importer(815301076,1909f56bfc062723c751e8b465ee728b)  -> (artifact id: 'd15e9f950e2c9988294fe04622eaadf3') in 0.002487 seconds
  Import took 0.004079 seconds .

========================================================================
Received Import Request.
  Time since last request: 9.927021 seconds.
  path: Assets/Scripts/SOs
  artifactKey: Guid(cb7a029d37f65314f8acc7fe24c46683) Importer(815301076,1909f56bfc062723c751e8b465ee728b)
Start importing Assets/Scripts/SOs using Guid(cb7a029d37f65314f8acc7fe24c46683) Importer(815301076,1909f56bfc062723c751e8b465ee728b)  -> (artifact id: '5e558f8dcb6512e4323df99738d3a9ea') in 0.006344 seconds
  Import took 0.008287 seconds .

========================================================================
Received Prepare
Registering precompiled user dll's ...
Registered in 0.000680 seconds.
Begin MonoManager ReloadAssembly
Native extension for WindowsStandalone target not found
Native extension for WebGL target not found
Refreshing native plugins compatible for Editor in 0.22 ms, found 0 plugins.
Preloading 0 native plugins for Editor in 0.00 ms.
Invoked RoslynAnalysisRunner static constructor.
RoslynAnalysisRunner will not be running.
RoslynAnalysisRunner has terminated.
Mono: successfully reloaded assembly
- Completed reload, in  0.658 seconds
Platform modules already initialized, skipping
Refreshing native plugins compatible for Editor in 0.18 ms, found 0 plugins.
Preloading 0 native plugins for Editor in 0.00 ms.
Unloading 1095 Unused Serialized files (Serialized files now loaded: 0)
System memory in use before: 57.9 MB.
System memory in use after: 58.0 MB.

Unloading 4 unused Assets to reduce memory usage. Loaded Objects now: 1563.
Total: 1.511500 ms (FindLiveObjects: 0.116900 ms CreateObjectMapping: 0.033600 ms MarkObjects: 1.347400 ms  DeleteObjects: 0.012200 ms)

========================================================================
Received Import Request.
  Time since last request: 10.237619 seconds.
  path: Assets/Scripts/Enemy.cs
  artifactKey: Guid(fa1ba4d0d09e2874aa47d5cb110ae56d) Importer(815301076,1909f56bfc062723c751e8b465ee728b)
Start importing Assets/Scripts/Enemy.cs using Guid(fa1ba4d0d09e2874aa47d5cb110ae56d) Importer(815301076,1909f56bfc062723c751e8b465ee728b)  -> (artifact id: '7a3df379df549824de28ec29b0182eaf') in 0.003929 seconds
  Import took 0.005457 seconds .

========================================================================
Received Prepare
Registering precompiled user dll's ...
Registered in 0.000596 seconds.
Begin MonoManager ReloadAssembly
Native extension for WindowsStandalone target not found
Native extension for WebGL target not found
Refreshing native plugins compatible for Editor in 0.19 ms, found 0 plugins.
Preloading 0 native plugins for Editor in 0.00 ms.
Invoked RoslynAnalysisRunner static constructor.
RoslynAnalysisRunner will not be running.
RoslynAnalysisRunner has terminated.
Mono: successfully reloaded assembly
- Completed reload, in  0.631 seconds
Platform modules already initialized, skipping
Refreshing native plugins compatible for Editor in 0.17 ms, found 0 plugins.
Preloading 0 native plugins for Editor in 0.00 ms.
Unloading 1095 Unused Serialized files (Serialized files now loaded: 0)
System memory in use before: 58.1 MB.
System memory in use after: 58.2 MB.

Unloading 4 unused Assets to reduce memory usage. Loaded Objects now: 1565.
Total: 1.647900 ms (FindLiveObjects: 0.190800 ms CreateObjectMapping: 0.056600 ms MarkObjects: 1.387200 ms  DeleteObjects: 0.011800 ms)

========================================================================
Received Import Request.
  Time since last request: 12.397525 seconds.
  path: Assets/Scripts/Orb.cs
  artifactKey: Guid(385af72f472a1e741bda95c68f856cbc) Importer(815301076,1909f56bfc062723c751e8b465ee728b)
Start importing Assets/Scripts/Orb.cs using Guid(385af72f472a1e741bda95c68f856cbc) Importer(815301076,1909f56bfc062723c751e8b465ee728b)  -> (artifact id: 'e6123a47cf816652f219b4fdd0bd4c6a') in 0.008199 seconds
  Import took 0.009798 seconds .

========================================================================
Received Import Request.
  Time since last request: 0.019286 seconds.
  path: Assets/Scripts/Orb.cs
  artifactKey: Guid(385af72f472a1e741bda95c68f856cbc) Importer(815301076,1909f56bfc062723c751e8b465ee728b)
Start importing Assets/Scripts/Orb.cs using Guid(385af72f472a1e741bda95c68f856cbc) Importer(815301076,1909f56bfc062723c751e8b465ee728b)  -> (artifact id: 'e6123a47cf816652f219b4fdd0bd4c6a') in 0.002584 seconds
  Import took 0.004089 seconds .

========================================================================
Received Import Request.
  Time since last request: 1.163449 seconds.
  path: Assets/Scripts/MovementController.cs
  artifactKey: Guid(0f12107db10e9eb46bb2e6befb1cbaa0) Importer(815301076,1909f56bfc062723c751e8b465ee728b)
Start importing Assets/Scripts/MovementController.cs using Guid(0f12107db10e9eb46bb2e6befb1cbaa0) Importer(815301076,1909f56bfc062723c751e8b465ee728b)  -> (artifact id: 'b07d4b68654f33d84ce1e99ce06f8bf8') in 0.007229 seconds
  Import took 0.009523 seconds .

========================================================================
Received Import Request.
  Time since last request: 5.756458 seconds.
  path: Assets/Scripts/ProjectileAbility.cs
  artifactKey: Guid(38eddb384be242c45bb68db283fb1c57) Importer(815301076,1909f56bfc062723c751e8b465ee728b)
Start importing Assets/Scripts/ProjectileAbility.cs using Guid(38eddb384be242c45bb68db283fb1c57) Importer(815301076,1909f56bfc062723c751e8b465ee728b)  -> (artifact id: '47f044b8a4b06511ca42400a35f79306') in 0.005979 seconds
  Import took 0.007636 seconds .

========================================================================
Received Import Request.
  Time since last request: 8.470860 seconds.
  path: Assets/Scripts/TeleportAbility.cs
  artifactKey: Guid(b96cb34463af22d48bebc847d19c5b09) Importer(815301076,1909f56bfc062723c751e8b465ee728b)
Start importing Assets/Scripts/TeleportAbility.cs using Guid(b96cb34463af22d48bebc847d19c5b09) Importer(815301076,1909f56bfc062723c751e8b465ee728b)  -> (artifact id: '6213bcc2e117fff529d1e42aff49954f') in 0.006155 seconds
  Import took 0.007826 seconds .

========================================================================
Received Import Request.
  Time since last request: 0.001204 seconds.
  path: Assets/Scripts/TeleportAbility.cs
  artifactKey: Guid(b96cb34463af22d48bebc847d19c5b09) Importer(815301076,1909f56bfc062723c751e8b465ee728b)
Start importing Assets/Scripts/TeleportAbility.cs using Guid(b96cb34463af22d48bebc847d19c5b09) Importer(815301076,1909f56bfc062723c751e8b465ee728b)  -> (artifact id: '6213bcc2e117fff529d1e42aff49954f') in 0.002947 seconds
  Import took 0.004548 seconds .

========================================================================
Received Prepare
Registering precompiled user dll's ...
Registered in 0.000602 seconds.
Begin MonoManager ReloadAssembly
Native extension for WindowsStandalone target not found
Native extension for WebGL target not found
Refreshing native plugins compatible for Editor in 0.18 ms, found 0 plugins.
Preloading 0 native plugins for Editor in 0.00 ms.
Invoked RoslynAnalysisRunner static constructor.
RoslynAnalysisRunner will not be running.
RoslynAnalysisRunner has terminated.
Mono: successfully reloaded assembly
- Completed reload, in  0.642 seconds
Platform modules already initialized, skipping
Refreshing native plugins compatible for Editor in 0.18 ms, found 0 plugins.
Preloading 0 native plugins for Editor in 0.00 ms.
Unloading 1095 Unused Serialized files (Serialized files now loaded: 0)
System memory in use before: 58.2 MB.
System memory in use after: 58.3 MB.

Unloading 4 unused Assets to reduce memory usage. Loaded Objects now: 1567.
Total: 1.684700 ms (FindLiveObjects: 0.143500 ms CreateObjectMapping: 0.031700 ms MarkObjects: 1.496000 ms  DeleteObjects: 0.012200 ms)

========================================================================
Received Import Request.
  Time since last request: 21.678758 seconds.
  path: Assets/Scripts/Abilities
  artifactKey: Guid(a214075eca7234f4da9ac87f6c13b7bd) Importer(815301076,1909f56bfc062723c751e8b465ee728b)
Start importing Assets/Scripts/Abilities using Guid(a214075eca7234f4da9ac87f6c13b7bd) Importer(815301076,1909f56bfc062723c751e8b465ee728b)  -> (artifact id: '294255f5aa6e3097a658c3539f4e3187') in 0.007690 seconds
  Import took 0.009523 seconds .

========================================================================
Received Import Request.
  Time since last request: 26.310967 seconds.
  path: Assets/Scripts/Ability MBs
  artifactKey: Guid(a214075eca7234f4da9ac87f6c13b7bd) Importer(815301076,1909f56bfc062723c751e8b465ee728b)
Start importing Assets/Scripts/Ability MBs using Guid(a214075eca7234f4da9ac87f6c13b7bd) Importer(815301076,1909f56bfc062723c751e8b465ee728b)  -> (artifact id: 'cece92d3faadb035b03ae0ad81d87d26') in 0.008570 seconds
  Import took 0.010080 seconds .

========================================================================
Received Prepare
Registering precompiled user dll's ...
Registered in 0.000595 seconds.
Begin MonoManager ReloadAssembly
Native extension for WindowsStandalone target not found
Native extension for WebGL target not found
Refreshing native plugins compatible for Editor in 0.37 ms, found 0 plugins.
Preloading 0 native plugins for Editor in 0.00 ms.
Invoked RoslynAnalysisRunner static constructor.
RoslynAnalysisRunner will not be running.
RoslynAnalysisRunner has terminated.
Mono: successfully reloaded assembly
- Completed reload, in  0.635 seconds
Platform modules already initialized, skipping
Refreshing native plugins compatible for Editor in 0.23 ms, found 0 plugins.
Preloading 0 native plugins for Editor in 0.00 ms.
Unloading 1095 Unused Serialized files (Serialized files now loaded: 0)
System memory in use before: 58.3 MB.
System memory in use after: 58.4 MB.

Unloading 4 unused Assets to reduce memory usage. Loaded Objects now: 1569.
Total: 1.478400 ms (FindLiveObjects: 0.168500 ms CreateObjectMapping: 0.046500 ms MarkObjects: 1.249200 ms  DeleteObjects: 0.013100 ms)

========================================================================
Received Prepare
Registering precompiled user dll's ...
Registered in 0.000825 seconds.
Begin MonoManager ReloadAssembly
Native extension for WindowsStandalone target not found
Native extension for WebGL target not found
Refreshing native plugins compatible for Editor in 0.18 ms, found 0 plugins.
Preloading 0 native plugins for Editor in 0.00 ms.
Invoked RoslynAnalysisRunner static constructor.
RoslynAnalysisRunner will not be running.
RoslynAnalysisRunner has terminated.
Mono: successfully reloaded assembly
- Completed reload, in  0.620 seconds
Platform modules already initialized, skipping
Refreshing native plugins compatible for Editor in 0.18 ms, found 0 plugins.
Preloading 0 native plugins for Editor in 0.00 ms.
Unloading 1095 Unused Serialized files (Serialized files now loaded: 0)
System memory in use before: 58.5 MB.
System memory in use after: 58.6 MB.

Unloading 4 unused Assets to reduce memory usage. Loaded Objects now: 1571.
Total: 1.393600 ms (FindLiveObjects: 0.112400 ms CreateObjectMapping: 0.029700 ms MarkObjects: 1.239700 ms  DeleteObjects: 0.011200 ms)

========================================================================
Received Import Request.
  Time since last request: 1617.093678 seconds.
  path: Assets/Scripts/SOs/EnemyStats.cs
  artifactKey: Guid(889f0905e87147745b33d115463f8421) Importer(815301076,1909f56bfc062723c751e8b465ee728b)
Start importing Assets/Scripts/SOs/EnemyStats.cs using Guid(889f0905e87147745b33d115463f8421) Importer(815301076,1909f56bfc062723c751e8b465ee728b)  -> (artifact id: 'db322498e8a126a48f949d2c2a4c954a') in 0.007886 seconds
  Import took 0.009439 seconds .

========================================================================
Received Prepare
Registering precompiled user dll's ...
Registered in 0.000784 seconds.
Begin MonoManager ReloadAssembly
Native extension for WindowsStandalone target not found
Native extension for WebGL target not found
Refreshing native plugins compatible for Editor in 0.18 ms, found 0 plugins.
Preloading 0 native plugins for Editor in 0.00 ms.
Invoked RoslynAnalysisRunner static constructor.
RoslynAnalysisRunner will not be running.
RoslynAnalysisRunner has terminated.
Mono: successfully reloaded assembly
- Completed reload, in  0.646 seconds
Platform modules already initialized, skipping
Refreshing native plugins compatible for Editor in 0.18 ms, found 0 plugins.
Preloading 0 native plugins for Editor in 0.00 ms.
Unloading 1095 Unused Serialized files (Serialized files now loaded: 0)
System memory in use before: 58.5 MB.
System memory in use after: 58.6 MB.

Unloading 4 unused Assets to reduce memory usage. Loaded Objects now: 1573.
Total: 1.408800 ms (FindLiveObjects: 0.228700 ms CreateObjectMapping: 0.035700 ms MarkObjects: 1.129500 ms  DeleteObjects: 0.012900 ms)

========================================================================
Received Prepare
Registering precompiled user dll's ...
Registered in 0.000553 seconds.
Begin MonoManager ReloadAssembly
Native extension for WindowsStandalone target not found
Native extension for WebGL target not found
Refreshing native plugins compatible for Editor in 0.18 ms, found 0 plugins.
Preloading 0 native plugins for Editor in 0.00 ms.
Invoked RoslynAnalysisRunner static constructor.
RoslynAnalysisRunner will not be running.
RoslynAnalysisRunner has terminated.
Mono: successfully reloaded assembly
- Completed reload, in  0.636 seconds
Platform modules already initialized, skipping
Refreshing native plugins compatible for Editor in 0.18 ms, found 0 plugins.
Preloading 0 native plugins for Editor in 0.00 ms.
Unloading 1095 Unused Serialized files (Serialized files now loaded: 0)
System memory in use before: 57.7 MB.
System memory in use after: 57.8 MB.

Unloading 4 unused Assets to reduce memory usage. Loaded Objects now: 1575.
Total: 1.646500 ms (FindLiveObjects: 0.152900 ms CreateObjectMapping: 0.052200 ms MarkObjects: 1.427500 ms  DeleteObjects: 0.013200 ms)

========================================================================
Received Import Request.
  Time since last request: 725.092531 seconds.
  path: Assets/Scripts/Ability MBs/Orb.cs
  artifactKey: Guid(385af72f472a1e741bda95c68f856cbc) Importer(815301076,1909f56bfc062723c751e8b465ee728b)
Start importing Assets/Scripts/Ability MBs/Orb.cs using Guid(385af72f472a1e741bda95c68f856cbc) Importer(815301076,1909f56bfc062723c751e8b465ee728b)  -> (artifact id: '6741668e5fcd0067d28e929a49818c5e') in 0.007582 seconds
  Import took 0.009260 seconds .

========================================================================
Received Import Request.
  Time since last request: 166.719322 seconds.
  path: ProjectSettings/TagManager.asset
  artifactKey: Guid(00000000000000003000000000000000) Importer(815301076,1909f56bfc062723c751e8b465ee728b)
Start importing ProjectSettings/TagManager.asset using Guid(00000000000000003000000000000000) Importer(815301076,1909f56bfc062723c751e8b465ee728b)  -> (artifact id: 'a05012cf0923e5f9c98c05f4365e4f5c') in 0.013598 seconds
  Import took 0.015440 seconds .

========================================================================
Received Import Request.
  Time since last request: 2408.848908 seconds.
  path: Assets/Scripts/SOs/PatrolBrain.cs
  artifactKey: Guid(f4c0bb5b3e5705b428c8594f3b717c38) Importer(815301076,1909f56bfc062723c751e8b465ee728b)
Start importing Assets/Scripts/SOs/PatrolBrain.cs using Guid(f4c0bb5b3e5705b428c8594f3b717c38) Importer(815301076,1909f56bfc062723c751e8b465ee728b)  -> (artifact id: 'cff3cfd979da65c3445638eadd688863') in 0.006950 seconds
  Import took 0.011000 seconds .

========================================================================
Received Import Request.
  Time since last request: 0.000552 seconds.
  path: Assets/Scripts/SOs/PatrolBrain.cs
  artifactKey: Guid(f4c0bb5b3e5705b428c8594f3b717c38) Importer(815301076,1909f56bfc062723c751e8b465ee728b)
Start importing Assets/Scripts/SOs/PatrolBrain.cs using Guid(f4c0bb5b3e5705b428c8594f3b717c38) Importer(815301076,1909f56bfc062723c751e8b465ee728b)  -> (artifact id: 'cff3cfd979da65c3445638eadd688863') in 0.002628 seconds
  Import took 0.004127 seconds .

========================================================================
Received Prepare
Registering precompiled user dll's ...
Registered in 0.000899 seconds.
Begin MonoManager ReloadAssembly
Native extension for WindowsStandalone target not found
Native extension for WebGL target not found
Refreshing native plugins compatible for Editor in 0.20 ms, found 0 plugins.
Preloading 0 native plugins for Editor in 0.00 ms.
Invoked RoslynAnalysisRunner static constructor.
RoslynAnalysisRunner will not be running.
RoslynAnalysisRunner has terminated.
Mono: successfully reloaded assembly
- Completed reload, in  0.659 seconds
Platform modules already initialized, skipping
Refreshing native plugins compatible for Editor in 0.18 ms, found 0 plugins.
Preloading 0 native plugins for Editor in 0.00 ms.
Unloading 1096 Unused Serialized files (Serialized files now loaded: 0)
System memory in use before: 57.9 MB.
System memory in use after: 58.0 MB.

Unloading 5 unused Assets to reduce memory usage. Loaded Objects now: 1578.
Total: 1.975300 ms (FindLiveObjects: 0.201000 ms CreateObjectMapping: 0.042100 ms MarkObjects: 1.712300 ms  DeleteObjects: 0.018800 ms)

========================================================================
Received Import Request.
  Time since last request: 146.407231 seconds.
  path: Assets/Scripts/SOs/PatrolBrain.cs
  artifactKey: Guid(f4c0bb5b3e5705b428c8594f3b717c38) Importer(815301076,1909f56bfc062723c751e8b465ee728b)
Start importing Assets/Scripts/SOs/PatrolBrain.cs using Guid(f4c0bb5b3e5705b428c8594f3b717c38) Importer(815301076,1909f56bfc062723c751e8b465ee728b)  -> (artifact id: 'd8af4429ddeb26039aaffb50b47bcca8') in 0.004383 seconds
  Import took 0.006430 seconds .

========================================================================
Received Prepare
Registering precompiled user dll's ...
Registered in 0.000685 seconds.
Begin MonoManager ReloadAssembly
Native extension for WindowsStandalone target not found
Native extension for WebGL target not found
Refreshing native plugins compatible for Editor in 0.18 ms, found 0 plugins.
Preloading 0 native plugins for Editor in 0.00 ms.
Invoked RoslynAnalysisRunner static constructor.
RoslynAnalysisRunner will not be running.
RoslynAnalysisRunner has terminated.
Mono: successfully reloaded assembly
- Completed reload, in  0.646 seconds
Platform modules already initialized, skipping
Refreshing native plugins compatible for Editor in 0.19 ms, found 0 plugins.
Preloading 0 native plugins for Editor in 0.00 ms.
Unloading 1096 Unused Serialized files (Serialized files now loaded: 0)
System memory in use before: 58.0 MB.
System memory in use after: 58.1 MB.

Unloading 4 unused Assets to reduce memory usage. Loaded Objects now: 1580.
Total: 1.558600 ms (FindLiveObjects: 0.199000 ms CreateObjectMapping: 0.044100 ms MarkObjects: 1.301600 ms  DeleteObjects: 0.012800 ms)

========================================================================
Received Import Request.
  Time since last request: 1835.699012 seconds.
  path: Assets/Scripts/SOs/PatrolBrain.cs
  artifactKey: Guid(f4c0bb5b3e5705b428c8594f3b717c38) Importer(815301076,1909f56bfc062723c751e8b465ee728b)
Start importing Assets/Scripts/SOs/PatrolBrain.cs using Guid(f4c0bb5b3e5705b428c8594f3b717c38) Importer(815301076,1909f56bfc062723c751e8b465ee728b)  -> (artifact id: '3cc6f94145fda52438a08c0979dfc321') in 0.005936 seconds
  Import took 0.008450 seconds .

========================================================================
Received Import Request.
  Time since last request: 0.002443 seconds.
  path: Assets/Scripts/SOs/PatrolBrain.cs
  artifactKey: Guid(f4c0bb5b3e5705b428c8594f3b717c38) Importer(815301076,1909f56bfc062723c751e8b465ee728b)
Start importing Assets/Scripts/SOs/PatrolBrain.cs using Guid(f4c0bb5b3e5705b428c8594f3b717c38) Importer(815301076,1909f56bfc062723c751e8b465ee728b)  -> (artifact id: '3cc6f94145fda52438a08c0979dfc321') in 0.002607 seconds
  Import took 0.004172 seconds .

========================================================================
Received Prepare
Registering precompiled user dll's ...
Registered in 0.000561 seconds.
Begin MonoManager ReloadAssembly
Native extension for WindowsStandalone target not found
Native extension for WebGL target not found
Refreshing native plugins compatible for Editor in 0.18 ms, found 0 plugins.
Preloading 0 native plugins for Editor in 0.00 ms.
Invoked RoslynAnalysisRunner static constructor.
RoslynAnalysisRunner will not be running.
RoslynAnalysisRunner has terminated.
Mono: successfully reloaded assembly
- Completed reload, in  0.631 seconds
Platform modules already initialized, skipping
Refreshing native plugins compatible for Editor in 0.17 ms, found 0 plugins.
Preloading 0 native plugins for Editor in 0.00 ms.
Unloading 1096 Unused Serialized files (Serialized files now loaded: 0)
System memory in use before: 58.2 MB.
System memory in use after: 58.3 MB.

Unloading 4 unused Assets to reduce memory usage. Loaded Objects now: 1582.
Total: 1.567500 ms (FindLiveObjects: 0.129300 ms CreateObjectMapping: 0.028600 ms MarkObjects: 1.396000 ms  DeleteObjects: 0.012700 ms)

========================================================================
Received Import Request.
  Time since last request: 247.013347 seconds.
  path: Assets/Prefabs/Waypoint.prefab
  artifactKey: Guid(f6723ce0af8249d41b77e8a84e7505fb) Importer(815301076,1909f56bfc062723c751e8b465ee728b)
Start importing Assets/Prefabs/Waypoint.prefab using Guid(f6723ce0af8249d41b77e8a84e7505fb) Importer(815301076,1909f56bfc062723c751e8b465ee728b)  -> (artifact id: '18c1add74d11cd65ebc832969d50a7d8') in 0.026674 seconds
  Import took 0.028680 seconds .

========================================================================
Received Import Request.
  Time since last request: 81.886138 seconds.
  path: Assets/Scripts/SOs/PatrolBrain.cs
  artifactKey: Guid(f4c0bb5b3e5705b428c8594f3b717c38) Importer(815301076,1909f56bfc062723c751e8b465ee728b)
Start importing Assets/Scripts/SOs/PatrolBrain.cs using Guid(f4c0bb5b3e5705b428c8594f3b717c38) Importer(815301076,1909f56bfc062723c751e8b465ee728b)  -> (artifact id: '7aeb967ff49b1e5379752d9d202e4936') in 0.002699 seconds
  Import took 0.004219 seconds .

========================================================================
Received Prepare
Registering precompiled user dll's ...
Registered in 0.000566 seconds.
Begin MonoManager ReloadAssembly
Native extension for WindowsStandalone target not found
Native extension for WebGL target not found
Refreshing native plugins compatible for Editor in 0.18 ms, found 0 plugins.
Preloading 0 native plugins for Editor in 0.00 ms.
Invoked RoslynAnalysisRunner static constructor.
RoslynAnalysisRunner will not be running.
RoslynAnalysisRunner has terminated.
Mono: successfully reloaded assembly
- Completed reload, in  0.624 seconds
Platform modules already initialized, skipping
Refreshing native plugins compatible for Editor in 0.17 ms, found 0 plugins.
Preloading 0 native plugins for Editor in 0.00 ms.
Unloading 1096 Unused Serialized files (Serialized files now loaded: 0)
System memory in use before: 58.3 MB.
System memory in use after: 58.4 MB.

Unloading 4 unused Assets to reduce memory usage. Loaded Objects now: 1584.
Total: 1.560000 ms (FindLiveObjects: 0.115300 ms CreateObjectMapping: 0.029200 ms MarkObjects: 1.402900 ms  DeleteObjects: 0.011800 ms)

========================================================================
Received Import Request.
  Time since last request: 57.964522 seconds.
  path: Assets/Scriptable Objects/Enemy AI
  artifactKey: Guid(1df8b14658060464cb62604ab1929362) Importer(815301076,1909f56bfc062723c751e8b465ee728b)
Start importing Assets/Scriptable Objects/Enemy AI using Guid(1df8b14658060464cb62604ab1929362) Importer(815301076,1909f56bfc062723c751e8b465ee728b)  -> (artifact id: '6d78d25ff127cdcae97ef9b19fd16662') in 0.008250 seconds
  Import took 0.009814 seconds .

========================================================================
Received Import Request.
  Time since last request: 13.042728 seconds.
  path: Assets/Scriptable Objects/Enemy AI/PatrolBrain.asset
  artifactKey: Guid(17fdb87585da28f4b940403179716e5f) Importer(815301076,1909f56bfc062723c751e8b465ee728b)
Start importing Assets/Scriptable Objects/Enemy AI/PatrolBrain.asset using Guid(17fdb87585da28f4b940403179716e5f) Importer(815301076,1909f56bfc062723c751e8b465ee728b)  -> (artifact id: '29aa5b5ed7c3ef9f5eb915006cd131ba') in 0.007539 seconds
  Import took 0.009414 seconds .

========================================================================
Received Import Request.
  Time since last request: 0.000783 seconds.
  path: Assets/Scriptable Objects/Enemy AI/PatrolBrain.asset
  artifactKey: Guid(17fdb87585da28f4b940403179716e5f) Importer(815301076,1909f56bfc062723c751e8b465ee728b)
Start importing Assets/Scriptable Objects/Enemy AI/PatrolBrain.asset using Guid(17fdb87585da28f4b940403179716e5f) Importer(815301076,1909f56bfc062723c751e8b465ee728b)  -> (artifact id: '29aa5b5ed7c3ef9f5eb915006cd131ba') in 0.002924 seconds
  Import took 0.004392 seconds .

========================================================================
Received Prepare
Registering precompiled user dll's ...
Registered in 0.000575 seconds.
Begin MonoManager ReloadAssembly
Native extension for WindowsStandalone target not found
Native extension for WebGL target not found
Refreshing native plugins compatible for Editor in 0.18 ms, found 0 plugins.
Preloading 0 native plugins for Editor in 0.00 ms.
Invoked RoslynAnalysisRunner static constructor.
RoslynAnalysisRunner will not be running.
RoslynAnalysisRunner has terminated.
Mono: successfully reloaded assembly
- Completed reload, in  0.633 seconds
Platform modules already initialized, skipping
Refreshing native plugins compatible for Editor in 0.19 ms, found 0 plugins.
Preloading 0 native plugins for Editor in 0.00 ms.
Unloading 1096 Unused Serialized files (Serialized files now loaded: 0)
System memory in use before: 58.4 MB.
System memory in use after: 58.5 MB.

Unloading 4 unused Assets to reduce memory usage. Loaded Objects now: 1586.
Total: 1.527900 ms (FindLiveObjects: 0.125100 ms CreateObjectMapping: 0.028200 ms MarkObjects: 1.360100 ms  DeleteObjects: 0.013500 ms)

========================================================================
Received Import Request.
  Time since last request: 109.364501 seconds.
  path: Assets/Scriptable Objects/Enemy Stats
  artifactKey: Guid(c1fe56886a712294696837bc2c74a1fb) Importer(815301076,1909f56bfc062723c751e8b465ee728b)
Start importing Assets/Scriptable Objects/Enemy Stats using Guid(c1fe56886a712294696837bc2c74a1fb) Importer(815301076,1909f56bfc062723c751e8b465ee728b)  -> (artifact id: 'd280679ddb2e0f07ae0677308ebee160') in 0.007391 seconds
  Import took 0.009150 seconds .

========================================================================
Received Import Request.
  Time since last request: 4.035258 seconds.
  path: Assets/Scripts/SOs/EnemyBrain.cs
  artifactKey: Guid(7630cf0ed4980c94985f3585c5df8495) Importer(815301076,1909f56bfc062723c751e8b465ee728b)
Start importing Assets/Scripts/SOs/EnemyBrain.cs using Guid(7630cf0ed4980c94985f3585c5df8495) Importer(815301076,1909f56bfc062723c751e8b465ee728b)  -> (artifact id: 'aef2f990c534c9834edc1b7c8e35edc5') in 0.005592 seconds
  Import took 0.007220 seconds .

========================================================================
Received Prepare
Registering precompiled user dll's ...
Registered in 0.000609 seconds.
Begin MonoManager ReloadAssembly
Native extension for WindowsStandalone target not found
Native extension for WebGL target not found
Refreshing native plugins compatible for Editor in 0.18 ms, found 0 plugins.
Preloading 0 native plugins for Editor in 0.00 ms.
Invoked RoslynAnalysisRunner static constructor.
RoslynAnalysisRunner will not be running.
RoslynAnalysisRunner has terminated.
Mono: successfully reloaded assembly
- Completed reload, in  0.625 seconds
Platform modules already initialized, skipping
Refreshing native plugins compatible for Editor in 0.18 ms, found 0 plugins.
Preloading 0 native plugins for Editor in 0.00 ms.
Unloading 1096 Unused Serialized files (Serialized files now loaded: 0)
System memory in use before: 58.5 MB.
System memory in use after: 58.6 MB.

Unloading 4 unused Assets to reduce memory usage. Loaded Objects now: 1588.
Total: 1.669900 ms (FindLiveObjects: 0.139100 ms CreateObjectMapping: 0.034700 ms MarkObjects: 1.482500 ms  DeleteObjects: 0.012700 ms)

========================================================================
Received Import Request.
  Time since last request: 44.063896 seconds.
  path: Assets/Scriptable Objects/Enemy Stats/PatrolGoblin.asset
  artifactKey: Guid(c3a40a57a762ba5488a8cce52d926de9) Importer(815301076,1909f56bfc062723c751e8b465ee728b)
Start importing Assets/Scriptable Objects/Enemy Stats/PatrolGoblin.asset using Guid(c3a40a57a762ba5488a8cce52d926de9) Importer(815301076,1909f56bfc062723c751e8b465ee728b)  -> (artifact id: '505785b3c202b531308ecf6bda583435') in 0.012128 seconds
  Import took 0.013959 seconds .

========================================================================
Received Import Request.
  Time since last request: 0.000739 seconds.
  path: Assets/Scriptable Objects/Enemy Stats/PatrolGoblin.asset
  artifactKey: Guid(c3a40a57a762ba5488a8cce52d926de9) Importer(815301076,1909f56bfc062723c751e8b465ee728b)
Start importing Assets/Scriptable Objects/Enemy Stats/PatrolGoblin.asset using Guid(c3a40a57a762ba5488a8cce52d926de9) Importer(815301076,1909f56bfc062723c751e8b465ee728b)  -> (artifact id: '505785b3c202b531308ecf6bda583435') in 0.003201 seconds
  Import took 0.004693 seconds .

========================================================================
Received Prepare
Registering precompiled user dll's ...
Registered in 0.000604 seconds.
Begin MonoManager ReloadAssembly
Native extension for WindowsStandalone target not found
Native extension for WebGL target not found
Refreshing native plugins compatible for Editor in 0.18 ms, found 0 plugins.
Preloading 0 native plugins for Editor in 0.00 ms.
Invoked RoslynAnalysisRunner static constructor.
RoslynAnalysisRunner will not be running.
RoslynAnalysisRunner has terminated.
Mono: successfully reloaded assembly
- Completed reload, in  0.628 seconds
Platform modules already initialized, skipping
Refreshing native plugins compatible for Editor in 0.18 ms, found 0 plugins.
Preloading 0 native plugins for Editor in 0.00 ms.
Unloading 1096 Unused Serialized files (Serialized files now loaded: 0)
System memory in use before: 57.7 MB.
System memory in use after: 57.8 MB.

Unloading 4 unused Assets to reduce memory usage. Loaded Objects now: 1590.
Total: 1.534700 ms (FindLiveObjects: 0.127400 ms CreateObjectMapping: 0.034800 ms MarkObjects: 1.360100 ms  DeleteObjects: 0.011500 ms)

========================================================================
Received Prepare
Registering precompiled user dll's ...
Registered in 0.000607 seconds.
Begin MonoManager ReloadAssembly
Native extension for WindowsStandalone target not found
Native extension for WebGL target not found
Refreshing native plugins compatible for Editor in 0.18 ms, found 0 plugins.
Preloading 0 native plugins for Editor in 0.00 ms.
Invoked RoslynAnalysisRunner static constructor.
RoslynAnalysisRunner will not be running.
RoslynAnalysisRunner has terminated.
Mono: successfully reloaded assembly
- Completed reload, in  0.641 seconds
Platform modules already initialized, skipping
Refreshing native plugins compatible for Editor in 0.17 ms, found 0 plugins.
Preloading 0 native plugins for Editor in 0.00 ms.
Unloading 1096 Unused Serialized files (Serialized files now loaded: 0)
System memory in use before: 57.9 MB.
System memory in use after: 58.0 MB.

Unloading 4 unused Assets to reduce memory usage. Loaded Objects now: 1592.
Total: 1.374800 ms (FindLiveObjects: 0.125100 ms CreateObjectMapping: 0.031000 ms MarkObjects: 1.206500 ms  DeleteObjects: 0.011400 ms)

========================================================================
Received Prepare
Registering precompiled user dll's ...
Registered in 0.000585 seconds.
Begin MonoManager ReloadAssembly
Native extension for WindowsStandalone target not found
Native extension for WebGL target not found
Refreshing native plugins compatible for Editor in 0.20 ms, found 0 plugins.
Preloading 0 native plugins for Editor in 0.00 ms.
Invoked RoslynAnalysisRunner static constructor.
RoslynAnalysisRunner will not be running.
RoslynAnalysisRunner has terminated.
Mono: successfully reloaded assembly
- Completed reload, in  0.645 seconds
Platform modules already initialized, skipping
Refreshing native plugins compatible for Editor in 0.19 ms, found 0 plugins.
Preloading 0 native plugins for Editor in 0.00 ms.
Unloading 1096 Unused Serialized files (Serialized files now loaded: 0)
System memory in use before: 58.0 MB.
System memory in use after: 58.1 MB.

Unloading 4 unused Assets to reduce memory usage. Loaded Objects now: 1594.
Total: 1.654800 ms (FindLiveObjects: 0.145000 ms CreateObjectMapping: 0.044900 ms MarkObjects: 1.451000 ms  DeleteObjects: 0.012200 ms)

========================================================================
Received Prepare
Registering precompiled user dll's ...
Registered in 0.000619 seconds.
Begin MonoManager ReloadAssembly
Native extension for WindowsStandalone target not found
Native extension for WebGL target not found
Refreshing native plugins compatible for Editor in 0.18 ms, found 0 plugins.
Preloading 0 native plugins for Editor in 0.00 ms.
Invoked RoslynAnalysisRunner static constructor.
RoslynAnalysisRunner will not be running.
RoslynAnalysisRunner has terminated.
Mono: successfully reloaded assembly
- Completed reload, in  0.651 seconds
Platform modules already initialized, skipping
Refreshing native plugins compatible for Editor in 0.18 ms, found 0 plugins.
Preloading 0 native plugins for Editor in 0.00 ms.
Unloading 1096 Unused Serialized files (Serialized files now loaded: 0)
System memory in use before: 58.1 MB.
System memory in use after: 58.2 MB.

Unloading 4 unused Assets to reduce memory usage. Loaded Objects now: 1596.
Total: 1.608700 ms (FindLiveObjects: 0.121900 ms CreateObjectMapping: 0.034600 ms MarkObjects: 1.439100 ms  DeleteObjects: 0.012300 ms)

========================================================================
Received Prepare
Registering precompiled user dll's ...
Registered in 0.000647 seconds.
Begin MonoManager ReloadAssembly
Native extension for WindowsStandalone target not found
Native extension for WebGL target not found
Refreshing native plugins compatible for Editor in 0.18 ms, found 0 plugins.
Preloading 0 native plugins for Editor in 0.00 ms.
Invoked RoslynAnalysisRunner static constructor.
RoslynAnalysisRunner will not be running.
RoslynAnalysisRunner has terminated.
Mono: successfully reloaded assembly
- Completed reload, in  0.630 seconds
Platform modules already initialized, skipping
Refreshing native plugins compatible for Editor in 0.17 ms, found 0 plugins.
Preloading 0 native plugins for Editor in 0.00 ms.
Unloading 1096 Unused Serialized files (Serialized files now loaded: 0)
System memory in use before: 58.3 MB.
System memory in use after: 58.4 MB.

Unloading 4 unused Assets to reduce memory usage. Loaded Objects now: 1598.
Total: 1.551600 ms (FindLiveObjects: 0.128500 ms CreateObjectMapping: 0.029400 ms MarkObjects: 1.381600 ms  DeleteObjects: 0.011300 ms)

========================================================================
Received Prepare
Registering precompiled user dll's ...
Registered in 0.000664 seconds.
Begin MonoManager ReloadAssembly
Native extension for WindowsStandalone target not found
Native extension for WebGL target not found
Refreshing native plugins compatible for Editor in 0.19 ms, found 0 plugins.
Preloading 0 native plugins for Editor in 0.00 ms.
Invoked RoslynAnalysisRunner static constructor.
RoslynAnalysisRunner will not be running.
RoslynAnalysisRunner has terminated.
Mono: successfully reloaded assembly
- Completed reload, in  0.672 seconds
Platform modules already initialized, skipping
Refreshing native plugins compatible for Editor in 0.19 ms, found 0 plugins.
Preloading 0 native plugins for Editor in 0.00 ms.
Unloading 1096 Unused Serialized files (Serialized files now loaded: 0)
System memory in use before: 58.4 MB.
System memory in use after: 58.5 MB.

Unloading 4 unused Assets to reduce memory usage. Loaded Objects now: 1600.
Total: 1.289000 ms (FindLiveObjects: 0.134500 ms CreateObjectMapping: 0.033300 ms MarkObjects: 1.108500 ms  DeleteObjects: 0.011500 ms)

========================================================================
Received Prepare
Registering precompiled user dll's ...
Registered in 0.000673 seconds.
Begin MonoManager ReloadAssembly
Native extension for WindowsStandalone target not found
Native extension for WebGL target not found
Refreshing native plugins compatible for Editor in 0.18 ms, found 0 plugins.
Preloading 0 native plugins for Editor in 0.00 ms.
Invoked RoslynAnalysisRunner static constructor.
RoslynAnalysisRunner will not be running.
RoslynAnalysisRunner has terminated.
Mono: successfully reloaded assembly
- Completed reload, in  0.625 seconds
Platform modules already initialized, skipping
Refreshing native plugins compatible for Editor in 0.18 ms, found 0 plugins.
Preloading 0 native plugins for Editor in 0.00 ms.
Unloading 1096 Unused Serialized files (Serialized files now loaded: 0)
System memory in use before: 58.5 MB.
System memory in use after: 58.6 MB.

Unloading 4 unused Assets to reduce memory usage. Loaded Objects now: 1602.
Total: 1.462100 ms (FindLiveObjects: 0.112400 ms CreateObjectMapping: 0.027300 ms MarkObjects: 1.310200 ms  DeleteObjects: 0.011500 ms)

========================================================================
Received Prepare
Registering precompiled user dll's ...
Registered in 0.000630 seconds.
Begin MonoManager ReloadAssembly
Native extension for WindowsStandalone target not found
Native extension for WebGL target not found
Refreshing native plugins compatible for Editor in 0.19 ms, found 0 plugins.
Preloading 0 native plugins for Editor in 0.00 ms.
Invoked RoslynAnalysisRunner static constructor.
RoslynAnalysisRunner will not be running.
RoslynAnalysisRunner has terminated.
Mono: successfully reloaded assembly
- Completed reload, in  0.654 seconds
Platform modules already initialized, skipping
Refreshing native plugins compatible for Editor in 0.18 ms, found 0 plugins.
Preloading 0 native plugins for Editor in 0.00 ms.
Unloading 1096 Unused Serialized files (Serialized files now loaded: 0)
System memory in use before: 58.6 MB.
System memory in use after: 58.7 MB.

Unloading 4 unused Assets to reduce memory usage. Loaded Objects now: 1604.
Total: 1.579400 ms (FindLiveObjects: 0.255100 ms CreateObjectMapping: 0.035200 ms MarkObjects: 1.276100 ms  DeleteObjects: 0.011200 ms)

========================================================================
Received Prepare
Registering precompiled user dll's ...
Registered in 0.000598 seconds.
Begin MonoManager ReloadAssembly
Native extension for WindowsStandalone target not found
Native extension for WebGL target not found
Refreshing native plugins compatible for Editor in 0.17 ms, found 0 plugins.
Preloading 0 native plugins for Editor in 0.00 ms.
Invoked RoslynAnalysisRunner static constructor.
RoslynAnalysisRunner will not be running.
RoslynAnalysisRunner has terminated.
Mono: successfully reloaded assembly
- Completed reload, in  0.621 seconds
Platform modules already initialized, skipping
Refreshing native plugins compatible for Editor in 0.18 ms, found 0 plugins.
Preloading 0 native plugins for Editor in 0.00 ms.
Unloading 1096 Unused Serialized files (Serialized files now loaded: 0)
System memory in use before: 57.8 MB.
System memory in use after: 57.9 MB.

Unloading 4 unused Assets to reduce memory usage. Loaded Objects now: 1606.
Total: 1.439800 ms (FindLiveObjects: 0.114400 ms CreateObjectMapping: 0.031200 ms MarkObjects: 1.282200 ms  DeleteObjects: 0.011100 ms)

========================================================================
Received Prepare
Registering precompiled user dll's ...
Registered in 0.000605 seconds.
Begin MonoManager ReloadAssembly
Native extension for WindowsStandalone target not found
Native extension for WebGL target not found
Refreshing native plugins compatible for Editor in 0.18 ms, found 0 plugins.
Preloading 0 native plugins for Editor in 0.00 ms.
Invoked RoslynAnalysisRunner static constructor.
RoslynAnalysisRunner will not be running.
RoslynAnalysisRunner has terminated.
Mono: successfully reloaded assembly
- Completed reload, in  0.638 seconds
Platform modules already initialized, skipping
Refreshing native plugins compatible for Editor in 0.18 ms, found 0 plugins.
Preloading 0 native plugins for Editor in 0.00 ms.
Unloading 1096 Unused Serialized files (Serialized files now loaded: 0)
System memory in use before: 58.0 MB.
System memory in use after: 58.0 MB.

Unloading 4 unused Assets to reduce memory usage. Loaded Objects now: 1608.
Total: 1.415500 ms (FindLiveObjects: 0.121500 ms CreateObjectMapping: 0.031000 ms MarkObjects: 1.250500 ms  DeleteObjects: 0.011500 ms)

========================================================================
Received Prepare
Registering precompiled user dll's ...
Registered in 0.000670 seconds.
Begin MonoManager ReloadAssembly
Native extension for WindowsStandalone target not found
Native extension for WebGL target not found
Refreshing native plugins compatible for Editor in 0.22 ms, found 0 plugins.
Preloading 0 native plugins for Editor in 0.00 ms.
Invoked RoslynAnalysisRunner static constructor.
RoslynAnalysisRunner will not be running.
RoslynAnalysisRunner has terminated.
Mono: successfully reloaded assembly
- Completed reload, in  0.675 seconds
Platform modules already initialized, skipping
Refreshing native plugins compatible for Editor in 0.18 ms, found 0 plugins.
Preloading 0 native plugins for Editor in 0.00 ms.
Unloading 1096 Unused Serialized files (Serialized files now loaded: 0)
System memory in use before: 58.1 MB.
System memory in use after: 58.2 MB.

Unloading 4 unused Assets to reduce memory usage. Loaded Objects now: 1610.
Total: 1.542700 ms (FindLiveObjects: 0.113700 ms CreateObjectMapping: 0.027100 ms MarkObjects: 1.389000 ms  DeleteObjects: 0.011700 ms)

========================================================================
Received Prepare
Registering precompiled user dll's ...
Registered in 0.000596 seconds.
Begin MonoManager ReloadAssembly
Native extension for WindowsStandalone target not found
Native extension for WebGL target not found
Refreshing native plugins compatible for Editor in 0.18 ms, found 0 plugins.
Preloading 0 native plugins for Editor in 0.00 ms.
Invoked RoslynAnalysisRunner static constructor.
RoslynAnalysisRunner will not be running.
RoslynAnalysisRunner has terminated.
Mono: successfully reloaded assembly
- Completed reload, in  0.619 seconds
Platform modules already initialized, skipping
Refreshing native plugins compatible for Editor in 0.17 ms, found 0 plugins.
Preloading 0 native plugins for Editor in 0.00 ms.
Unloading 1096 Unused Serialized files (Serialized files now loaded: 0)
System memory in use before: 58.2 MB.
System memory in use after: 58.3 MB.

Unloading 4 unused Assets to reduce memory usage. Loaded Objects now: 1612.
Total: 1.442300 ms (FindLiveObjects: 0.152900 ms CreateObjectMapping: 0.032000 ms MarkObjects: 1.243700 ms  DeleteObjects: 0.012500 ms)

========================================================================
Received Prepare
Registering precompiled user dll's ...
Registered in 0.001157 seconds.
Begin MonoManager ReloadAssembly
Native extension for WindowsStandalone target not found
Native extension for WebGL target not found
Refreshing native plugins compatible for Editor in 0.19 ms, found 0 plugins.
Preloading 0 native plugins for Editor in 0.00 ms.
Invoked RoslynAnalysisRunner static constructor.
RoslynAnalysisRunner will not be running.
RoslynAnalysisRunner has terminated.
Mono: successfully reloaded assembly
- Completed reload, in  0.703 seconds
Platform modules already initialized, skipping
Refreshing native plugins compatible for Editor in 0.19 ms, found 0 plugins.
Preloading 0 native plugins for Editor in 0.00 ms.
Unloading 1096 Unused Serialized files (Serialized files now loaded: 0)
System memory in use before: 58.4 MB.
System memory in use after: 58.5 MB.

Unloading 4 unused Assets to reduce memory usage. Loaded Objects now: 1614.
Total: 1.584100 ms (FindLiveObjects: 0.164900 ms CreateObjectMapping: 0.042400 ms MarkObjects: 1.360400 ms  DeleteObjects: 0.014100 ms)

AssetImportWorkerClient::OnTransportError - code=2 error=End of file
